"esri/layers/ArcGISDynamicMapServiceLayer",
	"esri/layers/ArcGISImageServiceLayer",
	"esri/layers/FeatureLayer",
	"esri/tasks/FeatureSet",
	"esri/tasks/query",
	"esri/tasks/QueryTask",
	"esri/graphicsUtils",
	"esri/dijit/PopupTemplate",
	"esri/dijit/Legend",
	"esri/SpatialReference",
	"esri/units",
	"esri/symbols/SimpleLineSymbol",
	"esri/graphic",
	"esri/symbols/PictureMarkerSymbol",
	"esri/config",
	"dojo/_base/Color",
	"dojo/on",
	"dojo/_base/fx",
	"dojo/_base/connect",
	"dojo/dom",
	"esri/units",
	"dgrid/Grid",
	"dojo/number",
	"dojo/_base/array",
	"esri/lang",
	"dojo/dom-construct",
	"dojo/parser",
	"esri/urlUtils",
	"esri/renderers/SimpleRenderer",
	"esri/symbols/SimpleFillSymbol",
	"esri/symbols/SimpleMarkerSymbol",
	"esri/InfoTemplate",
	"dijit/form/Button",
	"esri/dijit/Search",
	"dojo/query",
	"esri/dijit/Measurement",
	"esri/SnappingManager",
	"esri/tasks/GeometryService",
	"esri/sniff",
	"dojo/keys",
	"esri/toolbars/navigation",
	"dijit/Tooltip",
	"agd/dijit/TOC",
	"esri/geometry/Geometry",
	"esri/geometry/ScreenPoint",
	"agd/infoWindow",
	"dijit/form/ToggleButton",
	"dijit/Toolbar",
	"dijit/layout/BorderContainer",
	"dijit/layout/ContentPane",
	"dijit/layout/AccordionPane",
	"dijit/layout/TabContainer",
	"dijit/Dialog",
	"dojo/domReady!"